The target system is: Generic - 3.5.0 - arm
The host system is: Linux - 5.15.0-107-generic - x86_64
Compiling the C compiler identification source file "CMakeCCompilerId.c" succeeded.
Compiler: /opt/toolchains/zephyr-sdk-0.16.1/arm-zephyr-eabi/bin/arm-zephyr-eabi-gcc 
Build flags: 
Id flags: -c 

The output was:
0


Compilation of the C compiler identification source "CMakeCCompilerId.c" produced "CMakeCCompilerId.o"

The C compiler identification is GNU, found in "/workdir/build/CMakeFiles/3.22.1/CompilerIdC/CMakeCCompilerId.o"

Compiling the CXX compiler identification source file "CMakeCXXCompilerId.cpp" succeeded.
Compiler: /opt/toolchains/zephyr-sdk-0.16.1/arm-zephyr-eabi/bin/arm-zephyr-eabi-g++ 
Build flags: 
Id flags: -c 

The output was:
0


Compilation of the CXX compiler identification source "CMakeCXXCompilerId.cpp" produced "CMakeCXXCompilerId.o"

The CXX compiler identification is GNU, found in "/workdir/build/CMakeFiles/3.22.1/CompilerIdCXX/CMakeCXXCompilerId.o"

Checking whether the ASM compiler is GNU using "--version" matched "(GNU assembler)|(GCC)|(Free Software Foundation)":
arm-zephyr-eabi-gcc (Zephyr SDK 0.16.1) 12.2.0
Copyright (C) 2022 Free Software Foundation, Inc.
This is free software; see the source for copying conditions.  There is NO
warranty; not even for MERCHANTABILITY or FITNESS FOR A PARTICULAR PURPOSE.

Performing C SOURCE FILE Test check_C__nostartfiles__nostdlib__isystem___opt_toolchains_zephyr_sdk_0_16_1_arm_zephyr_eabi_bin____lib_gcc_arm_zephyr_eabi_12_2_0_include___isystem___opt_toolchains_zephyr_sdk_0_16_1_arm_zephyr_eabi_bin____lib_gcc_arm_zephyr_eabi_12_2_0_include_fixed___Wl___unresolved_symbols_ignore_in_object_files__Wl___entry_0 succeeded with the following output:
Change Dir: /workdir/build/CMakeFiles/CMakeTmp

Run Build Command(s):/usr/bin/ninja cmTC_93e22 && [1/2] Building C object CMakeFiles/cmTC_93e22.dir/src.c.obj
[2/2] Linking C executable cmTC_93e22


Source file was:
int main(void) { return 0; }
Performing C SOURCE FILE Test check_C__nostartfiles__nostdlib__isystem___opt_toolchains_zephyr_sdk_0_16_1_arm_zephyr_eabi_bin____lib_gcc_arm_zephyr_eabi_12_2_0_include___isystem___opt_toolchains_zephyr_sdk_0_16_1_arm_zephyr_eabi_bin____lib_gcc_arm_zephyr_eabi_12_2_0_include_fixed___Wl___unresolved_symbols_ignore_in_object_files__Wl___entry_0_ succeeded with the following output:
Change Dir: /workdir/build/CMakeFiles/CMakeTmp

Run Build Command(s):/usr/bin/ninja cmTC_37378 && [1/2] Building C object CMakeFiles/cmTC_37378.dir/src.c.obj
[2/2] Linking C executable cmTC_37378


Source file was:
int main(void) { return 0; }
Performing C SOURCE FILE Test check_Wall_C__nostartfiles__nostdlib__isystem___opt_toolchains_zephyr_sdk_0_16_1_arm_zephyr_eabi_bin____lib_gcc_arm_zephyr_eabi_12_2_0_include___isystem___opt_toolchains_zephyr_sdk_0_16_1_arm_zephyr_eabi_bin____lib_gcc_arm_zephyr_eabi_12_2_0_include_fixed___Wl___unresolved_symbols_ignore_in_object_files__Wl___entry_0 succeeded with the following output:
Change Dir: /workdir/build/CMakeFiles/CMakeTmp

Run Build Command(s):/usr/bin/ninja cmTC_f979e && [1/2] Building C object CMakeFiles/cmTC_f979e.dir/src.c.obj
[2/2] Linking C executable cmTC_f979e


Source file was:
int main(void) { return 0; }
Performing C SOURCE FILE Test check_Wformat__Wformat_security_C__nostartfiles__nostdlib__isystem___opt_toolchains_zephyr_sdk_0_16_1_arm_zephyr_eabi_bin____lib_gcc_arm_zephyr_eabi_12_2_0_include___isystem___opt_toolchains_zephyr_sdk_0_16_1_arm_zephyr_eabi_bin____lib_gcc_arm_zephyr_eabi_12_2_0_include_fixed___Wl___unresolved_symbols_ignore_in_object_files__Wl___entry_0 succeeded with the following output:
Change Dir: /workdir/build/CMakeFiles/CMakeTmp

Run Build Command(s):/usr/bin/ninja cmTC_c2c81 && [1/2] Building C object CMakeFiles/cmTC_c2c81.dir/src.c.obj
[2/2] Linking C executable cmTC_c2c81


Source file was:
int main(void) { return 0; }
Performing C SOURCE FILE Test check_Wformat__Wformat_zero_length_C__nostartfiles__nostdlib__isystem___opt_toolchains_zephyr_sdk_0_16_1_arm_zephyr_eabi_bin____lib_gcc_arm_zephyr_eabi_12_2_0_include___isystem___opt_toolchains_zephyr_sdk_0_16_1_arm_zephyr_eabi_bin____lib_gcc_arm_zephyr_eabi_12_2_0_include_fixed___Wl___unresolved_symbols_ignore_in_object_files__Wl___entry_0 succeeded with the following output:
Change Dir: /workdir/build/CMakeFiles/CMakeTmp

Run Build Command(s):/usr/bin/ninja cmTC_f3fe8 && [1/2] Building C object CMakeFiles/cmTC_f3fe8.dir/src.c.obj
[2/2] Linking C executable cmTC_f3fe8


Source file was:
int main(void) { return 0; }
Performing C SOURCE FILE Test check_Wpointer_sign_C__nostartfiles__nostdlib__isystem___opt_toolchains_zephyr_sdk_0_16_1_arm_zephyr_eabi_bin____lib_gcc_arm_zephyr_eabi_12_2_0_include___isystem___opt_toolchains_zephyr_sdk_0_16_1_arm_zephyr_eabi_bin____lib_gcc_arm_zephyr_eabi_12_2_0_include_fixed___Wl___unresolved_symbols_ignore_in_object_files__Wl___entry_0 succeeded with the following output:
Change Dir: /workdir/build/CMakeFiles/CMakeTmp

Run Build Command(s):/usr/bin/ninja cmTC_5ca2f && [1/2] Building C object CMakeFiles/cmTC_5ca2f.dir/src.c.obj
[2/2] Linking C executable cmTC_5ca2f


Source file was:
int main(void) { return 0; }
Performing C SOURCE FILE Test check_Wpointer_arith_C__nostartfiles__nostdlib__isystem___opt_toolchains_zephyr_sdk_0_16_1_arm_zephyr_eabi_bin____lib_gcc_arm_zephyr_eabi_12_2_0_include___isystem___opt_toolchains_zephyr_sdk_0_16_1_arm_zephyr_eabi_bin____lib_gcc_arm_zephyr_eabi_12_2_0_include_fixed___Wl___unresolved_symbols_ignore_in_object_files__Wl___entry_0 succeeded with the following output:
Change Dir: /workdir/build/CMakeFiles/CMakeTmp

Run Build Command(s):/usr/bin/ninja cmTC_32fa9 && [1/2] Building C object CMakeFiles/cmTC_32fa9.dir/src.c.obj
[2/2] Linking C executable cmTC_32fa9


Source file was:
int main(void) { return 0; }
Performing C SOURCE FILE Test check_Wexpansion_to_defined_C__nostartfiles__nostdlib__isystem___opt_toolchains_zephyr_sdk_0_16_1_arm_zephyr_eabi_bin____lib_gcc_arm_zephyr_eabi_12_2_0_include___isystem___opt_toolchains_zephyr_sdk_0_16_1_arm_zephyr_eabi_bin____lib_gcc_arm_zephyr_eabi_12_2_0_include_fixed___Wl___unresolved_symbols_ignore_in_object_files__Wl___entry_0 succeeded with the following output:
Change Dir: /workdir/build/CMakeFiles/CMakeTmp

Run Build Command(s):/usr/bin/ninja cmTC_7021e && [1/2] Building C object CMakeFiles/cmTC_7021e.dir/src.c.obj
[2/2] Linking C executable cmTC_7021e


Source file was:
int main(void) { return 0; }
Performing C SOURCE FILE Test check_Wlogical_op_C__nostartfiles__nostdlib__isystem___opt_toolchains_zephyr_sdk_0_16_1_arm_zephyr_eabi_bin____lib_gcc_arm_zephyr_eabi_12_2_0_include___isystem___opt_toolchains_zephyr_sdk_0_16_1_arm_zephyr_eabi_bin____lib_gcc_arm_zephyr_eabi_12_2_0_include_fixed___Wl___unresolved_symbols_ignore_in_object_files__Wl___entry_0 succeeded with the following output:
Change Dir: /workdir/build/CMakeFiles/CMakeTmp

Run Build Command(s):/usr/bin/ninja cmTC_97763 && [1/2] Building C object CMakeFiles/cmTC_97763.dir/src.c.obj
[2/2] Linking C executable cmTC_97763


Source file was:
int main(void) { return 0; }
Performing C SOURCE FILE Test check_Wmissing_field_initializers_C__nostartfiles__nostdlib__isystem___opt_toolchains_zephyr_sdk_0_16_1_arm_zephyr_eabi_bin____lib_gcc_arm_zephyr_eabi_12_2_0_include___isystem___opt_toolchains_zephyr_sdk_0_16_1_arm_zephyr_eabi_bin____lib_gcc_arm_zephyr_eabi_12_2_0_include_fixed___Wl___unresolved_symbols_ignore_in_object_files__Wl___entry_0 succeeded with the following output:
Change Dir: /workdir/build/CMakeFiles/CMakeTmp

Run Build Command(s):/usr/bin/ninja cmTC_0571f && [1/2] Building C object CMakeFiles/cmTC_0571f.dir/src.c.obj
[2/2] Linking C executable cmTC_0571f


Source file was:
int main(void) { return 0; }
Performing C SOURCE FILE Test check_Wpacked_bitfield_compat_C__nostartfiles__nostdlib__isystem___opt_toolchains_zephyr_sdk_0_16_1_arm_zephyr_eabi_bin____lib_gcc_arm_zephyr_eabi_12_2_0_include___isystem___opt_toolchains_zephyr_sdk_0_16_1_arm_zephyr_eabi_bin____lib_gcc_arm_zephyr_eabi_12_2_0_include_fixed___Wl___unresolved_symbols_ignore_in_object_files__Wl___entry_0 succeeded with the following output:
Change Dir: /workdir/build/CMakeFiles/CMakeTmp

Run Build Command(s):/usr/bin/ninja cmTC_b522a && [1/2] Building C object CMakeFiles/cmTC_b522a.dir/src.c.obj
[2/2] Linking C executable cmTC_b522a


Source file was:
int main(void) { return 0; }
Performing C SOURCE FILE Test check_Wvla_C__nostartfiles__nostdlib__isystem___opt_toolchains_zephyr_sdk_0_16_1_arm_zephyr_eabi_bin____lib_gcc_arm_zephyr_eabi_12_2_0_include___isystem___opt_toolchains_zephyr_sdk_0_16_1_arm_zephyr_eabi_bin____lib_gcc_arm_zephyr_eabi_12_2_0_include_fixed___Wl___unresolved_symbols_ignore_in_object_files__Wl___entry_0 succeeded with the following output:
Change Dir: /workdir/build/CMakeFiles/CMakeTmp

Run Build Command(s):/usr/bin/ninja cmTC_95d40 && [1/2] Building C object CMakeFiles/cmTC_95d40.dir/src.c.obj
[2/2] Linking C executable cmTC_95d40


Source file was:
int main(void) { return 0; }
Performing C SOURCE FILE Test check_Wunused_but_set_variable_C__nostartfiles__nostdlib__isystem___opt_toolchains_zephyr_sdk_0_16_1_arm_zephyr_eabi_bin____lib_gcc_arm_zephyr_eabi_12_2_0_include___isystem___opt_toolchains_zephyr_sdk_0_16_1_arm_zephyr_eabi_bin____lib_gcc_arm_zephyr_eabi_12_2_0_include_fixed___Wl___unresolved_symbols_ignore_in_object_files__Wl___entry_0 succeeded with the following output:
Change Dir: /workdir/build/CMakeFiles/CMakeTmp

Run Build Command(s):/usr/bin/ninja cmTC_9b8fc && [1/2] Building C object CMakeFiles/cmTC_9b8fc.dir/src.c.obj
[2/2] Linking C executable cmTC_9b8fc


Source file was:
int main(void) { return 0; }
Performing C SOURCE FILE Test check_Werror_implicit_int_C__nostartfiles__nostdlib__isystem___opt_toolchains_zephyr_sdk_0_16_1_arm_zephyr_eabi_bin____lib_gcc_arm_zephyr_eabi_12_2_0_include___isystem___opt_toolchains_zephyr_sdk_0_16_1_arm_zephyr_eabi_bin____lib_gcc_arm_zephyr_eabi_12_2_0_include_fixed___Wl___unresolved_symbols_ignore_in_object_files__Wl___entry_0 succeeded with the following output:
Change Dir: /workdir/build/CMakeFiles/CMakeTmp

Run Build Command(s):/usr/bin/ninja cmTC_e6f37 && [1/2] Building C object CMakeFiles/cmTC_e6f37.dir/src.c.obj
[2/2] Linking C executable cmTC_e6f37


Source file was:
int main(void) { return 0; }
Performing C SOURCE FILE Test check_mstack_protector_guard_global_C__nostartfiles__nostdlib__isystem___opt_toolchains_zephyr_sdk_0_16_1_arm_zephyr_eabi_bin____lib_gcc_arm_zephyr_eabi_12_2_0_include___isystem___opt_toolchains_zephyr_sdk_0_16_1_arm_zephyr_eabi_bin____lib_gcc_arm_zephyr_eabi_12_2_0_include_fixed___Wl___unresolved_symbols_ignore_in_object_files__Wl___entry_0 succeeded with the following output:
Change Dir: /workdir/build/CMakeFiles/CMakeTmp

Run Build Command(s):/usr/bin/ninja cmTC_3f376 && [1/2] Building C object CMakeFiles/cmTC_3f376.dir/src.c.obj
[2/2] Linking C executable cmTC_3f376


Source file was:
int main(void) { return 0; }
Performing C SOURCE FILE Test check_fno_freestanding_C__nostartfiles__nostdlib__isystem___opt_toolchains_zephyr_sdk_0_16_1_arm_zephyr_eabi_bin____lib_gcc_arm_zephyr_eabi_12_2_0_include___isystem___opt_toolchains_zephyr_sdk_0_16_1_arm_zephyr_eabi_bin____lib_gcc_arm_zephyr_eabi_12_2_0_include_fixed___Wl___unresolved_symbols_ignore_in_object_files__Wl___entry_0 succeeded with the following output:
Change Dir: /workdir/build/CMakeFiles/CMakeTmp

Run Build Command(s):/usr/bin/ninja cmTC_b252e && [1/2] Building C object CMakeFiles/cmTC_b252e.dir/src.c.obj
[2/2] Linking C executable cmTC_b252e


Source file was:
int main(void) { return 0; }
Performing C SOURCE FILE Test check_ffreestanding_C__nostartfiles__nostdlib__isystem___opt_toolchains_zephyr_sdk_0_16_1_arm_zephyr_eabi_bin____lib_gcc_arm_zephyr_eabi_12_2_0_include___isystem___opt_toolchains_zephyr_sdk_0_16_1_arm_zephyr_eabi_bin____lib_gcc_arm_zephyr_eabi_12_2_0_include_fixed___Wl___unresolved_symbols_ignore_in_object_files__Wl___entry_0 succeeded with the following output:
Change Dir: /workdir/build/CMakeFiles/CMakeTmp

Run Build Command(s):/usr/bin/ninja cmTC_21146 && [1/2] Building C object CMakeFiles/cmTC_21146.dir/src.c.obj
[2/2] Linking C executable cmTC_21146


Source file was:
int main(void) { return 0; }
Performing C SOURCE FILE Test check_gdwarf_4_C__nostartfiles__nostdlib__isystem___opt_toolchains_zephyr_sdk_0_16_1_arm_zephyr_eabi_bin____lib_gcc_arm_zephyr_eabi_12_2_0_include___isystem___opt_toolchains_zephyr_sdk_0_16_1_arm_zephyr_eabi_bin____lib_gcc_arm_zephyr_eabi_12_2_0_include_fixed___Wl___unresolved_symbols_ignore_in_object_files__Wl___entry_0 succeeded with the following output:
Change Dir: /workdir/build/CMakeFiles/CMakeTmp

Run Build Command(s):/usr/bin/ninja cmTC_bc6b2 && [1/2] Building C object CMakeFiles/cmTC_bc6b2.dir/src.c.obj
[2/2] Linking C executable cmTC_bc6b2


Source file was:
int main(void) { return 0; }
Performing C SOURCE FILE Test check_C__nostartfiles__nostdlib__isystem___opt_toolchains_zephyr_sdk_0_16_1_arm_zephyr_eabi_bin____lib_gcc_arm_zephyr_eabi_12_2_0_include___isystem___opt_toolchains_zephyr_sdk_0_16_1_arm_zephyr_eabi_bin____lib_gcc_arm_zephyr_eabi_12_2_0_include_fixed___Wl___unresolved_symbols_ignore_in_object_files__Wl___entry_0__Wl___print_memory_usage succeeded with the following output:
Change Dir: /workdir/build/CMakeFiles/CMakeTmp

Run Build Command(s):/usr/bin/ninja cmTC_11619 && [1/2] Building C object CMakeFiles/cmTC_11619.dir/src.c.obj
[2/2] Linking C executable cmTC_11619
Memory region         Used Size  Region Size  %age Used


Source file was:
int main(void) { return 0; }
Performing C SOURCE FILE Test check_C__nostartfiles__nostdlib__isystem___opt_toolchains_zephyr_sdk_0_16_1_arm_zephyr_eabi_bin____lib_gcc_arm_zephyr_eabi_12_2_0_include___isystem___opt_toolchains_zephyr_sdk_0_16_1_arm_zephyr_eabi_bin____lib_gcc_arm_zephyr_eabi_12_2_0_include_fixed___Wl___unresolved_symbols_ignore_in_object_files__Wl___entry_0__pg succeeded with the following output:
Change Dir: /workdir/build/CMakeFiles/CMakeTmp

Run Build Command(s):/usr/bin/ninja cmTC_91010 && [1/2] Building C object CMakeFiles/cmTC_91010.dir/src.c.obj
[2/2] Linking C executable cmTC_91010


Source file was:
int main(void) { return 0; }
Performing C SOURCE FILE Test check_C__nostartfiles__nostdlib__isystem___opt_toolchains_zephyr_sdk_0_16_1_arm_zephyr_eabi_bin____lib_gcc_arm_zephyr_eabi_12_2_0_include___isystem___opt_toolchains_zephyr_sdk_0_16_1_arm_zephyr_eabi_bin____lib_gcc_arm_zephyr_eabi_12_2_0_include_fixed___Wl___unresolved_symbols_ignore_in_object_files__Wl___entry_0__mcpu_cortex_m4__mthumb__mabi_aapcs__mfp16_format_ieee succeeded with the following output:
Change Dir: /workdir/build/CMakeFiles/CMakeTmp

Run Build Command(s):/usr/bin/ninja cmTC_27aaf && [1/2] Building C object CMakeFiles/cmTC_27aaf.dir/src.c.obj
[2/2] Linking C executable cmTC_27aaf


Source file was:
int main(void) { return 0; }
Performing C SOURCE FILE Test check_C__nostartfiles__nostdlib__isystem___opt_toolchains_zephyr_sdk_0_16_1_arm_zephyr_eabi_bin____lib_gcc_arm_zephyr_eabi_12_2_0_include___isystem___opt_toolchains_zephyr_sdk_0_16_1_arm_zephyr_eabi_bin____lib_gcc_arm_zephyr_eabi_12_2_0_include_fixed___Wl___unresolved_symbols_ignore_in_object_files__Wl___entry_0__Wl___gc_sections succeeded with the following output:
Change Dir: /workdir/build/CMakeFiles/CMakeTmp

Run Build Command(s):/usr/bin/ninja cmTC_18aaf && [1/2] Building C object CMakeFiles/cmTC_18aaf.dir/src.c.obj
[2/2] Linking C executable cmTC_18aaf


Source file was:
int main(void) { return 0; }
Performing C SOURCE FILE Test check_C__nostartfiles__nostdlib__isystem___opt_toolchains_zephyr_sdk_0_16_1_arm_zephyr_eabi_bin____lib_gcc_arm_zephyr_eabi_12_2_0_include___isystem___opt_toolchains_zephyr_sdk_0_16_1_arm_zephyr_eabi_bin____lib_gcc_arm_zephyr_eabi_12_2_0_include_fixed___Wl___unresolved_symbols_ignore_in_object_files__Wl___entry_0__Wl___build_id_none succeeded with the following output:
Change Dir: /workdir/build/CMakeFiles/CMakeTmp

Run Build Command(s):/usr/bin/ninja cmTC_bf8cb && [1/2] Building C object CMakeFiles/cmTC_bf8cb.dir/src.c.obj
[2/2] Linking C executable cmTC_bf8cb


Source file was:
int main(void) { return 0; }
Performing C SOURCE FILE Test check_C__nostartfiles__nostdlib__isystem___opt_toolchains_zephyr_sdk_0_16_1_arm_zephyr_eabi_bin____lib_gcc_arm_zephyr_eabi_12_2_0_include___isystem___opt_toolchains_zephyr_sdk_0_16_1_arm_zephyr_eabi_bin____lib_gcc_arm_zephyr_eabi_12_2_0_include_fixed___Wl___unresolved_symbols_ignore_in_object_files__Wl___entry_0__Wl___sort_common_descending succeeded with the following output:
Change Dir: /workdir/build/CMakeFiles/CMakeTmp

Run Build Command(s):/usr/bin/ninja cmTC_5c914 && [1/2] Building C object CMakeFiles/cmTC_5c914.dir/src.c.obj
[2/2] Linking C executable cmTC_5c914


Source file was:
int main(void) { return 0; }
Performing C SOURCE FILE Test check_C__nostartfiles__nostdlib__isystem___opt_toolchains_zephyr_sdk_0_16_1_arm_zephyr_eabi_bin____lib_gcc_arm_zephyr_eabi_12_2_0_include___isystem___opt_toolchains_zephyr_sdk_0_16_1_arm_zephyr_eabi_bin____lib_gcc_arm_zephyr_eabi_12_2_0_include_fixed___Wl___unresolved_symbols_ignore_in_object_files__Wl___entry_0__Wl___sort_section_alignment succeeded with the following output:
Change Dir: /workdir/build/CMakeFiles/CMakeTmp

Run Build Command(s):/usr/bin/ninja cmTC_492ef && [1/2] Building C object CMakeFiles/cmTC_492ef.dir/src.c.obj
[2/2] Linking C executable cmTC_492ef


Source file was:
int main(void) { return 0; }
Performing C SOURCE FILE Test check_C__nostartfiles__nostdlib__isystem___opt_toolchains_zephyr_sdk_0_16_1_arm_zephyr_eabi_bin____lib_gcc_arm_zephyr_eabi_12_2_0_include___isystem___opt_toolchains_zephyr_sdk_0_16_1_arm_zephyr_eabi_bin____lib_gcc_arm_zephyr_eabi_12_2_0_include_fixed___Wl___unresolved_symbols_ignore_in_object_files__Wl___entry_0__nostdlib succeeded with the following output:
Change Dir: /workdir/build/CMakeFiles/CMakeTmp

Run Build Command(s):/usr/bin/ninja cmTC_e73f3 && [1/2] Building C object CMakeFiles/cmTC_e73f3.dir/src.c.obj
[2/2] Linking C executable cmTC_e73f3


Source file was:
int main(void) { return 0; }
Performing C SOURCE FILE Test check_C__nostartfiles__nostdlib__isystem___opt_toolchains_zephyr_sdk_0_16_1_arm_zephyr_eabi_bin____lib_gcc_arm_zephyr_eabi_12_2_0_include___isystem___opt_toolchains_zephyr_sdk_0_16_1_arm_zephyr_eabi_bin____lib_gcc_arm_zephyr_eabi_12_2_0_include_fixed___Wl___unresolved_symbols_ignore_in_object_files__Wl___entry_0__static succeeded with the following output:
Change Dir: /workdir/build/CMakeFiles/CMakeTmp

Run Build Command(s):/usr/bin/ninja cmTC_8fd13 && [1/2] Building C object CMakeFiles/cmTC_8fd13.dir/src.c.obj
[2/2] Linking C executable cmTC_8fd13


Source file was:
int main(void) { return 0; }
Performing C SOURCE FILE Test check_C__nostartfiles__nostdlib__isystem___opt_toolchains_zephyr_sdk_0_16_1_arm_zephyr_eabi_bin____lib_gcc_arm_zephyr_eabi_12_2_0_include___isystem___opt_toolchains_zephyr_sdk_0_16_1_arm_zephyr_eabi_bin____lib_gcc_arm_zephyr_eabi_12_2_0_include_fixed___Wl___unresolved_symbols_ignore_in_object_files__Wl___entry_0__Wl__X succeeded with the following output:
Change Dir: /workdir/build/CMakeFiles/CMakeTmp

Run Build Command(s):/usr/bin/ninja cmTC_530f3 && [1/2] Building C object CMakeFiles/cmTC_530f3.dir/src.c.obj
[2/2] Linking C executable cmTC_530f3


Source file was:
int main(void) { return 0; }
Performing C SOURCE FILE Test check_C__nostartfiles__nostdlib__isystem___opt_toolchains_zephyr_sdk_0_16_1_arm_zephyr_eabi_bin____lib_gcc_arm_zephyr_eabi_12_2_0_include___isystem___opt_toolchains_zephyr_sdk_0_16_1_arm_zephyr_eabi_bin____lib_gcc_arm_zephyr_eabi_12_2_0_include_fixed___Wl___unresolved_symbols_ignore_in_object_files__Wl___entry_0__Wl__N succeeded with the following output:
Change Dir: /workdir/build/CMakeFiles/CMakeTmp

Run Build Command(s):/usr/bin/ninja cmTC_f9fcc && [1/2] Building C object CMakeFiles/cmTC_f9fcc.dir/src.c.obj
[2/2] Linking C executable cmTC_f9fcc


Source file was:
int main(void) { return 0; }
Performing C SOURCE FILE Test check_C__nostartfiles__nostdlib__isystem___opt_toolchains_zephyr_sdk_0_16_1_arm_zephyr_eabi_bin____lib_gcc_arm_zephyr_eabi_12_2_0_include___isystem___opt_toolchains_zephyr_sdk_0_16_1_arm_zephyr_eabi_bin____lib_gcc_arm_zephyr_eabi_12_2_0_include_fixed___Wl___unresolved_symbols_ignore_in_object_files__Wl___entry_0__Wl___orphan_handling_warn succeeded with the following output:
Change Dir: /workdir/build/CMakeFiles/CMakeTmp

Run Build Command(s):/usr/bin/ninja cmTC_bd157 && [1/2] Building C object CMakeFiles/cmTC_bd157.dir/src.c.obj
[2/2] Linking C executable cmTC_bd157


Source file was:
int main(void) { return 0; }
Performing C SOURCE FILE Test check_fno_asynchronous_unwind_tables_C__nostartfiles__nostdlib__isystem___opt_toolchains_zephyr_sdk_0_16_1_arm_zephyr_eabi_bin____lib_gcc_arm_zephyr_eabi_12_2_0_include___isystem___opt_toolchains_zephyr_sdk_0_16_1_arm_zephyr_eabi_bin____lib_gcc_arm_zephyr_eabi_12_2_0_include_fixed___Wl___unresolved_symbols_ignore_in_object_files__Wl___entry_0 succeeded with the following output:
Change Dir: /workdir/build/CMakeFiles/CMakeTmp

Run Build Command(s):/usr/bin/ninja cmTC_9be60 && [1/2] Building C object CMakeFiles/cmTC_9be60.dir/src.c.obj
[2/2] Linking C executable cmTC_9be60


Source file was:
int main(void) { return 0; }
Performing C SOURCE FILE Test check_ftls_model_local_exec_C__nostartfiles__nostdlib__isystem___opt_toolchains_zephyr_sdk_0_16_1_arm_zephyr_eabi_bin____lib_gcc_arm_zephyr_eabi_12_2_0_include___isystem___opt_toolchains_zephyr_sdk_0_16_1_arm_zephyr_eabi_bin____lib_gcc_arm_zephyr_eabi_12_2_0_include_fixed___Wl___unresolved_symbols_ignore_in_object_files__Wl___entry_0 succeeded with the following output:
Change Dir: /workdir/build/CMakeFiles/CMakeTmp

Run Build Command(s):/usr/bin/ninja cmTC_c46b3 && [1/2] Building C object CMakeFiles/cmTC_c46b3.dir/src.c.obj
[2/2] Linking C executable cmTC_c46b3


Source file was:
int main(void) { return 0; }
Performing C SOURCE FILE Test check_fno_reorder_functions_C__nostartfiles__nostdlib__isystem___opt_toolchains_zephyr_sdk_0_16_1_arm_zephyr_eabi_bin____lib_gcc_arm_zephyr_eabi_12_2_0_include___isystem___opt_toolchains_zephyr_sdk_0_16_1_arm_zephyr_eabi_bin____lib_gcc_arm_zephyr_eabi_12_2_0_include_fixed___Wl___unresolved_symbols_ignore_in_object_files__Wl___entry_0 succeeded with the following output:
Change Dir: /workdir/build/CMakeFiles/CMakeTmp

Run Build Command(s):/usr/bin/ninja cmTC_6a4de && [1/2] Building C object CMakeFiles/cmTC_6a4de.dir/src.c.obj
[2/2] Linking C executable cmTC_6a4de


Source file was:
int main(void) { return 0; }
Performing C SOURCE FILE Test check__param_min_pagesize_0_C__nostartfiles__nostdlib__isystem___opt_toolchains_zephyr_sdk_0_16_1_arm_zephyr_eabi_bin____lib_gcc_arm_zephyr_eabi_12_2_0_include___isystem___opt_toolchains_zephyr_sdk_0_16_1_arm_zephyr_eabi_bin____lib_gcc_arm_zephyr_eabi_12_2_0_include_fixed___Wl___unresolved_symbols_ignore_in_object_files__Wl___entry_0 succeeded with the following output:
Change Dir: /workdir/build/CMakeFiles/CMakeTmp

Run Build Command(s):/usr/bin/ninja cmTC_301ad && [1/2] Building C object CMakeFiles/cmTC_301ad.dir/src.c.obj
[2/2] Linking C executable cmTC_301ad


Source file was:
int main(void) { return 0; }
Performing C SOURCE FILE Test check_fno_defer_pop_C__nostartfiles__nostdlib__isystem___opt_toolchains_zephyr_sdk_0_16_1_arm_zephyr_eabi_bin____lib_gcc_arm_zephyr_eabi_12_2_0_include___isystem___opt_toolchains_zephyr_sdk_0_16_1_arm_zephyr_eabi_bin____lib_gcc_arm_zephyr_eabi_12_2_0_include_fixed___Wl___unresolved_symbols_ignore_in_object_files__Wl___entry_0 succeeded with the following output:
Change Dir: /workdir/build/CMakeFiles/CMakeTmp

Run Build Command(s):/usr/bin/ninja cmTC_f1d5a && [1/2] Building C object CMakeFiles/cmTC_f1d5a.dir/src.c.obj
[2/2] Linking C executable cmTC_f1d5a


Source file was:
int main(void) { return 0; }
Performing C SOURCE FILE Test check_fmacro_prefix_map__workdir_pneumatic_control_device_CMAKE_SOURCE_DIR_C__nostartfiles__nostdlib__isystem___opt_toolchains_zephyr_sdk_0_16_1_arm_zephyr_eabi_bin____lib_gcc_arm_zephyr_eabi_12_2_0_include___isystem___opt_toolchains_zephyr_sdk_0_16_1_arm_zephyr_eabi_bin____lib_gcc_arm_zephyr_eabi_12_2_0_include_fixed___Wl___unresolved_symbols_ignore_in_object_files__Wl___entry_0 succeeded with the following output:
Change Dir: /workdir/build/CMakeFiles/CMakeTmp

Run Build Command(s):/usr/bin/ninja cmTC_43d0d && [1/2] Building C object CMakeFiles/cmTC_43d0d.dir/src.c.obj
[2/2] Linking C executable cmTC_43d0d


Source file was:
int main(void) { return 0; }
Performing C SOURCE FILE Test check_fmacro_prefix_map__workdir_zephyr_ZEPHYR_BASE_C__nostartfiles__nostdlib__isystem___opt_toolchains_zephyr_sdk_0_16_1_arm_zephyr_eabi_bin____lib_gcc_arm_zephyr_eabi_12_2_0_include___isystem___opt_toolchains_zephyr_sdk_0_16_1_arm_zephyr_eabi_bin____lib_gcc_arm_zephyr_eabi_12_2_0_include_fixed___Wl___unresolved_symbols_ignore_in_object_files__Wl___entry_0 succeeded with the following output:
Change Dir: /workdir/build/CMakeFiles/CMakeTmp

Run Build Command(s):/usr/bin/ninja cmTC_0a363 && [1/2] Building C object CMakeFiles/cmTC_0a363.dir/src.c.obj
[2/2] Linking C executable cmTC_0a363


Source file was:
int main(void) { return 0; }
Performing C SOURCE FILE Test check_fmacro_prefix_map__workdir_WEST_TOPDIR_C__nostartfiles__nostdlib__isystem___opt_toolchains_zephyr_sdk_0_16_1_arm_zephyr_eabi_bin____lib_gcc_arm_zephyr_eabi_12_2_0_include___isystem___opt_toolchains_zephyr_sdk_0_16_1_arm_zephyr_eabi_bin____lib_gcc_arm_zephyr_eabi_12_2_0_include_fixed___Wl___unresolved_symbols_ignore_in_object_files__Wl___entry_0 succeeded with the following output:
Change Dir: /workdir/build/CMakeFiles/CMakeTmp

Run Build Command(s):/usr/bin/ninja cmTC_0dde2 && [1/2] Building C object CMakeFiles/cmTC_0dde2.dir/src.c.obj
[2/2] Linking C executable cmTC_0dde2


Source file was:
int main(void) { return 0; }
Performing C SOURCE FILE Test check_ffunction_sections_C__nostartfiles__nostdlib__isystem___opt_toolchains_zephyr_sdk_0_16_1_arm_zephyr_eabi_bin____lib_gcc_arm_zephyr_eabi_12_2_0_include___isystem___opt_toolchains_zephyr_sdk_0_16_1_arm_zephyr_eabi_bin____lib_gcc_arm_zephyr_eabi_12_2_0_include_fixed___Wl___unresolved_symbols_ignore_in_object_files__Wl___entry_0 succeeded with the following output:
Change Dir: /workdir/build/CMakeFiles/CMakeTmp

Run Build Command(s):/usr/bin/ninja cmTC_894b1 && [1/2] Building C object CMakeFiles/cmTC_894b1.dir/src.c.obj
[2/2] Linking C executable cmTC_894b1


Source file was:
int main(void) { return 0; }
Performing C SOURCE FILE Test check_fdata_sections_C__nostartfiles__nostdlib__isystem___opt_toolchains_zephyr_sdk_0_16_1_arm_zephyr_eabi_bin____lib_gcc_arm_zephyr_eabi_12_2_0_include___isystem___opt_toolchains_zephyr_sdk_0_16_1_arm_zephyr_eabi_bin____lib_gcc_arm_zephyr_eabi_12_2_0_include_fixed___Wl___unresolved_symbols_ignore_in_object_files__Wl___entry_0 succeeded with the following output:
Change Dir: /workdir/build/CMakeFiles/CMakeTmp

Run Build Command(s):/usr/bin/ninja cmTC_7fa3f && [1/2] Building C object CMakeFiles/cmTC_7fa3f.dir/src.c.obj
[2/2] Linking C executable cmTC_7fa3f


Source file was:
int main(void) { return 0; }
